Removed Pin From Net: NetName=P44 Pin=D1-1
Removed Pin From Net: NetName=P45 Pin=D2-1
Change Component DesignItemId : Designator=C3 Old DesignItemId= New DesignItemId=CAP1
Change Component DesignItemId : Designator=C4 Old DesignItemId= New DesignItemId=CAP1
Change Component DesignItemId : Designator=C5 Old DesignItemId= New DesignItemId=CAP1
Change Component DesignItemId : Designator=C1 Old DesignItemId= New DesignItemId=CAP3
Change Component DesignItemId : Designator=C2 Old DesignItemId= New DesignItemId=CAP3
Change Component DesignItemId : Designator=D1 Old DesignItemId= New DesignItemId=LED
Change Component DesignItemId : Designator=D2 Old DesignItemId= New DesignItemId=LED
Change Component DesignItemId : Designator=R1 Old DesignItemId= New DesignItemId=RES
Change Component DesignItemId : Designator=R2 Old DesignItemId= New DesignItemId=RES
Change Component DesignItemId : Designator=R3 Old DesignItemId= New DesignItemId=RES
Change Component DesignItemId : Designator=R4 Old DesignItemId= New DesignItemId=RES
Change Component DesignItemId : Designator=R5 Old DesignItemId= New DesignItemId=RES
Change Component DesignItemId : Designator=S2 Old DesignItemId= New DesignItemId=SW-DPDT
Change Component DesignItemId : Designator=S1 Old DesignItemId= New DesignItemId=SW-PB
Change Component DesignItemId : Designator=S3 Old DesignItemId= New DesignItemId=SW-PB
Change Component DesignItemId : Designator=S4 Old DesignItemId= New DesignItemId=SW-PB
Change Component DesignItemId : Designator=MCU Old DesignItemId=STC12C New DesignItemId=STC12C5AXXS2
Change Component Description : Designator=JZ Old Description=6.0000 8.000  11.0592  12.0000 New Description=6.0000 8.000  11.0592  12.0000 24.000
Change Component Description : Designator=J1 Old Description=Co New Description=Connector
Change Component Description : Designator=J2 Old Description=Co New Description=Connector
Change Component Description : Designator=J3 Old Description=Co New Description=Connector
Change Component Description : Designator=J4 Old Description=Co New Description=Connector
Change Component Description : Designator=J5 Old Description=Co New Description=Connector
Change Component Description : Designator=J6 Old Description=Co New Description=Connector
Change Component Description : Designator=P0 Old Description=Co New Description=Connector
Change Component Description : Designator=P1 Old Description=Co New Description=Connector
Change Component Description : Designator=P2 Old Description=Co New Description=Connector
Change Component Description : Designator=P3 Old Description=Co New Description=Connector
Change Component Description : Designator=P4 Old Description=Co New Description=Connector
Added Pin To Net: NetName=P44 Pin=D1-2
Added Pin To Net: NetName=P45 Pin=D2-2
Added Pin To Net: NetName=NetD1_1 Pin=D1-1
Added Pin To Net: NetName=NetD1_1 Pin=R3-1
Added Net: Name=NetD1_1
Added Pin To Net: NetName=NetD2_1 Pin=D2-1
Added Pin To Net: NetName=NetD2_1 Pin=R4-1
Added Net: Name=NetD2_1
Added Member To Class: ClassName=STC12C5A60S2最小系统 Member=Component R2 RES
Added Room: Name=STC12C5A60S2最小系统
