Removed Pin From Net: NetName=NetD1_2 Pin=R1-1
Removed Pin From Net: NetName=NetD2_2 Pin=R2-1
Removed Pin From Net: NetName=NetD3_2 Pin=R3-1
Removed Pin From Net: NetName=NetD4_2 Pin=R4-1
Removed Pin From Net: NetName=NetD9_2 Pin=R9-1
Removed Pin From Net: NetName=NetD10_2 Pin=R10-1
Removed Pin From Net: NetName=NetD11_2 Pin=R11-1
Removed Pin From Net: NetName=NetD12_2 Pin=R12-1
Removed Pin From Net: NetName=NetD17_2 Pin=R17-1
Removed Pin From Net: NetName=NetD18_2 Pin=R18-1
Removed Pin From Net: NetName=NetD19_2 Pin=R19-1
Removed Pin From Net: NetName=NetD20_2 Pin=R20-1
Removed Pin From Net: NetName=NetD25_2 Pin=R25-1
Removed Pin From Net: NetName=NetD26_2 Pin=R26-1
Removed Pin From Net: NetName=NetD27_2 Pin=R27-1
Removed Pin From Net: NetName=NetD28_2 Pin=R28-1
Removed Pin From Net: NetName=NetD33_2 Pin=R33-1
Removed Pin From Net: NetName=NetD34_2 Pin=R34-1
Removed Pin From Net: NetName=NetD35_2 Pin=R35-1
Removed Pin From Net: NetName=NetD36_2 Pin=R36-1
Removed Pin From Net: NetName=NetD41_2 Pin=R41-1
Removed Pin From Net: NetName=NetD42_2 Pin=R42-1
Removed Pin From Net: NetName=NetD43_2 Pin=R43-1
Removed Pin From Net: NetName=NetD44_2 Pin=R44-1
Removed Pin From Net: NetName=NetD49_2 Pin=R49-1
Removed Pin From Net: NetName=NetD50_2 Pin=R50-1
Removed Pin From Net: NetName=NetD51_2 Pin=R51-1
Removed Pin From Net: NetName=NetD52_2 Pin=R52-1
Removed Pin From Net: NetName=NetD57_2 Pin=R57-1
Removed Pin From Net: NetName=NetD58_2 Pin=R58-1
Removed Pin From Net: NetName=NetD59_2 Pin=R59-1
Removed Pin From Net: NetName=NetD60_2 Pin=R60-1
Removed Pin From Net: NetName=NetD4_2 Pin=U1-12
Removed Pin From Net: NetName=NetD1_2 Pin=U1-13
Removed Pin From Net: NetName=NetD2_2 Pin=U1-14
Removed Pin From Net: NetName=NetD3_2 Pin=U1-15
Removed Pin From Net: NetName=NetD12_2 Pin=U2-12
Removed Pin From Net: NetName=NetD9_2 Pin=U2-13
Removed Pin From Net: NetName=NetD10_2 Pin=U2-14
Removed Pin From Net: NetName=NetD11_2 Pin=U2-15
Removed Pin From Net: NetName=NetD20_2 Pin=U3-12
Removed Pin From Net: NetName=NetD17_2 Pin=U3-13
Removed Pin From Net: NetName=NetD18_2 Pin=U3-14
Removed Pin From Net: NetName=NetD19_2 Pin=U3-15
Removed Pin From Net: NetName=NetD28_2 Pin=U4-12
Removed Pin From Net: NetName=NetD25_2 Pin=U4-13
Removed Pin From Net: NetName=NetD26_2 Pin=U4-14
Removed Pin From Net: NetName=NetD27_2 Pin=U4-15
Removed Pin From Net: NetName=NetD36_2 Pin=U5-12
Removed Pin From Net: NetName=NetD33_2 Pin=U5-13
Removed Pin From Net: NetName=NetD34_2 Pin=U5-14
Removed Pin From Net: NetName=NetD35_2 Pin=U5-15
Removed Pin From Net: NetName=NetD44_2 Pin=U6-12
Removed Pin From Net: NetName=NetD41_2 Pin=U6-13
Removed Pin From Net: NetName=NetD42_2 Pin=U6-14
Removed Pin From Net: NetName=NetD43_2 Pin=U6-15
Removed Pin From Net: NetName=NetD52_2 Pin=U7-12
Removed Pin From Net: NetName=NetD49_2 Pin=U7-13
Removed Pin From Net: NetName=NetD50_2 Pin=U7-14
Removed Pin From Net: NetName=NetD51_2 Pin=U7-15
Removed Pin From Net: NetName=NetD60_2 Pin=U8-12
Removed Pin From Net: NetName=NetD57_2 Pin=U8-13
Removed Pin From Net: NetName=NetD58_2 Pin=U8-14
Removed Pin From Net: NetName=NetD59_2 Pin=U8-15
Added Pin To Net: NetName=NetD4_2 Pin=R1-1
Added Pin To Net: NetName=NetD1_2 Pin=R2-1
Added Pin To Net: NetName=NetD2_2 Pin=R3-1
Added Pin To Net: NetName=NetD3_2 Pin=R4-1
Added Pin To Net: NetName=NetD12_2 Pin=R9-1
Added Pin To Net: NetName=NetD9_2 Pin=R10-1
Added Pin To Net: NetName=NetD10_2 Pin=R11-1
Added Pin To Net: NetName=NetD11_2 Pin=R12-1
Added Pin To Net: NetName=NetD20_2 Pin=R17-1
Added Pin To Net: NetName=NetD17_2 Pin=R18-1
Added Pin To Net: NetName=NetD18_2 Pin=R19-1
Added Pin To Net: NetName=NetD19_2 Pin=R20-1
Added Pin To Net: NetName=NetD28_2 Pin=R25-1
Added Pin To Net: NetName=NetD25_2 Pin=R26-1
Added Pin To Net: NetName=NetD26_2 Pin=R27-1
Added Pin To Net: NetName=NetD27_2 Pin=R28-1
Added Pin To Net: NetName=NetD36_2 Pin=R33-1
Added Pin To Net: NetName=NetD33_2 Pin=R34-1
Added Pin To Net: NetName=NetD34_2 Pin=R35-1
Added Pin To Net: NetName=NetD35_2 Pin=R36-1
Added Pin To Net: NetName=NetD44_2 Pin=R41-1
Added Pin To Net: NetName=NetD41_2 Pin=R42-1
Added Pin To Net: NetName=NetD42_2 Pin=R43-1
Added Pin To Net: NetName=NetD43_2 Pin=R44-1
Added Pin To Net: NetName=NetD52_2 Pin=R49-1
Added Pin To Net: NetName=NetD49_2 Pin=R50-1
Added Pin To Net: NetName=NetD50_2 Pin=R51-1
Added Pin To Net: NetName=NetD51_2 Pin=R52-1
Added Pin To Net: NetName=NetD60_2 Pin=R57-1
Added Pin To Net: NetName=NetD57_2 Pin=R58-1
Added Pin To Net: NetName=NetD58_2 Pin=R59-1
Added Pin To Net: NetName=NetD59_2 Pin=R60-1
Added Pin To Net: NetName=NetD3_2 Pin=U1-12
Added Pin To Net: NetName=NetD4_2 Pin=U1-13
Added Pin To Net: NetName=NetD1_2 Pin=U1-14
Added Pin To Net: NetName=NetD2_2 Pin=U1-15
Added Pin To Net: NetName=NetD11_2 Pin=U2-12
Added Pin To Net: NetName=NetD12_2 Pin=U2-13
Added Pin To Net: NetName=NetD9_2 Pin=U2-14
Added Pin To Net: NetName=NetD10_2 Pin=U2-15
Added Pin To Net: NetName=NetD19_2 Pin=U3-12
Added Pin To Net: NetName=NetD20_2 Pin=U3-13
Added Pin To Net: NetName=NetD17_2 Pin=U3-14
Added Pin To Net: NetName=NetD18_2 Pin=U3-15
Added Pin To Net: NetName=NetD27_2 Pin=U4-12
Added Pin To Net: NetName=NetD28_2 Pin=U4-13
Added Pin To Net: NetName=NetD25_2 Pin=U4-14
Added Pin To Net: NetName=NetD26_2 Pin=U4-15
Added Pin To Net: NetName=NetD35_2 Pin=U5-12
Added Pin To Net: NetName=NetD36_2 Pin=U5-13
Added Pin To Net: NetName=NetD33_2 Pin=U5-14
Added Pin To Net: NetName=NetD34_2 Pin=U5-15
Added Pin To Net: NetName=NetD43_2 Pin=U6-12
Added Pin To Net: NetName=NetD44_2 Pin=U6-13
Added Pin To Net: NetName=NetD41_2 Pin=U6-14
Added Pin To Net: NetName=NetD42_2 Pin=U6-15
Added Pin To Net: NetName=NetD51_2 Pin=U7-12
Added Pin To Net: NetName=NetD52_2 Pin=U7-13
Added Pin To Net: NetName=NetD49_2 Pin=U7-14
Added Pin To Net: NetName=NetD50_2 Pin=U7-15
Added Pin To Net: NetName=NetD59_2 Pin=U8-12
Added Pin To Net: NetName=NetD60_2 Pin=U8-13
Added Pin To Net: NetName=NetD57_2 Pin=U8-14
Added Pin To Net: NetName=NetD58_2 Pin=U8-15
Added Room: Name=π‚’Û¡–∞Ê
